<?xml version="1.0" encoding="UTF-8"?>
<!-- Generated by org.testng.reporters.JUnitReportReporter -->
<testsuite skipped="0" hostname="home-pici" name="com.prestashop.tests.NegativeScenarios" tests="4" failures="0" timestamp="23 Jun 2018 00:17:07 GMT" time="18.616" errors="0">
  <testcase name="blankEmailTest" time="4.205" classname="com.prestashop.tests.NegativeScenarios"/>
  <testcase name="blankPasswordTest" time="4.345" classname="com.prestashop.tests.NegativeScenarios"/>
  <testcase name="invalidEmailTest" time="5.597" classname="com.prestashop.tests.NegativeScenarios"/>
  <testcase name="wrongCredentialsTest" time="4.469" classname="com.prestashop.tests.NegativeScenarios"/>
</testsuite> <!-- com.prestashop.tests.NegativeScenarios -->
