<?xml version="1.0" encoding="UTF-8"?>
<!-- Generated by org.testng.reporters.JUnitReportReporter -->
<testsuite skipped="0" hostname="home-pici" name="com.prestashop.tests.PositiveScenarios" tests="1" failures="0" timestamp="23 Jun 2018 00:53:11 GMT" time="11.511" errors="0">
  <testcase name="loginTest" time="11.511" classname="com.prestashop.tests.PositiveScenarios"/>
</testsuite> <!-- com.prestashop.tests.PositiveScenarios -->
